Analysis & Synthesis report for OP_moore
Tue Nov 29 17:48:15 2022
Quartus II 64-Bit Version 13.0.1 Build 232 06/12/2013 Service Pack 1 SJ Web Edition


---------------------
; Table of Contents ;
---------------------
  1. Legal Notice
  2. Analysis & Synthesis Summary
  3. Analysis & Synthesis Settings
  4. Parallel Compilation
  5. Analysis & Synthesis Source Files Read
  6. Analysis & Synthesis Resource Usage Summary
  7. Analysis & Synthesis Resource Utilization by Entity
  8. State Machine - |OP_moore|Moore_machine:moore_machine|ps
  9. State Machine - |OP_moore|OnePulse:one_pulse|ps
 10. Registers Removed During Synthesis
 11. General Register Statistics
 12. Multiplexer Restructuring Statistics (Restructuring Performed)
 13. Parameter Settings for User Entity Instance: OnePulse:one_pulse
 14. Parameter Settings for User Entity Instance: Moore_machine:moore_machine
 15. Elapsed Time Per Partition
 16. Analysis & Synthesis Messages



----------------
; Legal Notice ;
----------------
Copyright (C) 1991-2013 Altera Corporation
Your use of Altera Corporation's design tools, logic functions 
and other software and tools, and its AMPP partner logic 
functions, and any output files from any of the foregoing 
(including device programming or simulation files), and any 
associated documentation or information are expressly subject 
to the terms and conditions of the Altera Program License 
Subscription Agreement, Altera MegaCore Function License 
Agreement, or other applicable license agreement, including, 
without limitation, that your use is for the sole purpose of 
programming logic devices manufactured by Altera and sold by 
Altera or its authorized distributors.  Please refer to the 
applicable agreement for further details.



+--------------------------------------------------------------------------------------+
; Analysis & Synthesis Summary                                                         ;
+------------------------------------+-------------------------------------------------+
; Analysis & Synthesis Status        ; Successful - Tue Nov 29 17:48:15 2022           ;
; Quartus II 64-Bit Version          ; 13.0.1 Build 232 06/12/2013 SP 1 SJ Web Edition ;
; Revision Name                      ; OP_moore                                        ;
; Top-level Entity Name              ; OP_moore                                        ;
; Family                             ; Cyclone II                                      ;
; Total logic elements               ; 26                                              ;
;     Total combinational functions  ; 26                                              ;
;     Dedicated logic registers      ; 11                                              ;
; Total registers                    ; 11                                              ;
; Total pins                         ; 20                                              ;
; Total virtual pins                 ; 0                                               ;
; Total memory bits                  ; 0                                               ;
; Embedded Multiplier 9-bit elements ; 0                                               ;
; Total PLLs                         ; 0                                               ;
+------------------------------------+-------------------------------------------------+


+----------------------------------------------------------------------------------------------------------------------+
; Analysis & Synthesis Settings                                                                                        ;
+----------------------------------------------------------------------------+--------------------+--------------------+
; Option                                                                     ; Setting            ; Default Value      ;
+----------------------------------------------------------------------------+--------------------+--------------------+
; Device                                                                     ; EP2C20F484C7       ;                    ;
; Top-level entity name                                                      ; OP_moore           ; OP_moore           ;
; Family name                                                                ; Cyclone II         ; Cyclone IV GX      ;
; Use smart compilation                                                      ; Off                ; Off                ;
; Enable parallel Assembler and TimeQuest Timing Analyzer during compilation ; On                 ; On                 ;
; Enable compact report table                                                ; Off                ; Off                ;
; Restructure Multiplexers                                                   ; Auto               ; Auto               ;
; Create Debugging Nodes for IP Cores                                        ; Off                ; Off                ;
; Preserve fewer node names                                                  ; On                 ; On                 ;
; Disable OpenCore Plus hardware evaluation                                  ; Off                ; Off                ;
; Verilog Version                                                            ; Verilog_2001       ; Verilog_2001       ;
; VHDL Version                                                               ; VHDL_1993          ; VHDL_1993          ;
; State Machine Processing                                                   ; Auto               ; Auto               ;
; Safe State Machine                                                         ; Off                ; Off                ;
; Extract Verilog State Machines                                             ; On                 ; On                 ;
; Extract VHDL State Machines                                                ; On                 ; On                 ;
; Ignore Verilog initial constructs                                          ; Off                ; Off                ;
; Iteration limit for constant Verilog loops                                 ; 5000               ; 5000               ;
; Iteration limit for non-constant Verilog loops                             ; 250                ; 250                ;
; Add Pass-Through Logic to Inferred RAMs                                    ; On                 ; On                 ;
; Infer RAMs from Raw Logic                                                  ; On                 ; On                 ;
; Parallel Synthesis                                                         ; On                 ; On                 ;
; DSP Block Balancing                                                        ; Auto               ; Auto               ;
; NOT Gate Push-Back                                                         ; On                 ; On                 ;
; Power-Up Don't Care                                                        ; On                 ; On                 ;
; Remove Redundant Logic Cells                                               ; Off                ; Off                ;
; Remove Duplicate Registers                                                 ; On                 ; On                 ;
; Ignore CARRY Buffers                                                       ; Off                ; Off                ;
; Ignore CASCADE Buffers                                                     ; Off                ; Off                ;
; Ignore GLOBAL Buffers                                                      ; Off                ; Off                ;
; Ignore ROW GLOBAL Buffers                                                  ; Off                ; Off                ;
; Ignore LCELL Buffers                                                       ; Off                ; Off                ;
; Ignore SOFT Buffers                                                        ; On                 ; On                 ;
; Limit AHDL Integers to 32 Bits                                             ; Off                ; Off                ;
; Optimization Technique                                                     ; Balanced           ; Balanced           ;
; Carry Chain Length                                                         ; 70                 ; 70                 ;
; Auto Carry Chains                                                          ; On                 ; On                 ;
; Auto Open-Drain Pins                                                       ; On                 ; On                 ;
; Perform WYSIWYG Primitive Resynthesis                                      ; Off                ; Off                ;
; Auto ROM Replacement                                                       ; On                 ; On                 ;
; Auto RAM Replacement                                                       ; On                 ; On                 ;
; Auto Shift Register Replacement                                            ; Auto               ; Auto               ;
; Allow Shift Register Merging across Hierarchies                            ; Auto               ; Auto               ;
; Auto Clock Enable Replacement                                              ; On                 ; On                 ;
; Strict RAM Replacement                                                     ; Off                ; Off                ;
; Allow Synchronous Control Signals                                          ; On                 ; On                 ;
; Force Use of Synchronous Clear Signals                                     ; Off                ; Off                ;
; Auto RAM to Logic Cell Conversion                                          ; Off                ; Off                ;
; Auto Resource Sharing                                                      ; Off                ; Off                ;
; Allow Any RAM Size For Recognition                                         ; Off                ; Off                ;
; Allow Any ROM Size For Recognition                                         ; Off                ; Off                ;
; Allow Any Shift Register Size For Recognition                              ; Off                ; Off                ;
; Use LogicLock Constraints during Resource Balancing                        ; On                 ; On                 ;
; Ignore translate_off and synthesis_off directives                          ; Off                ; Off                ;
; Timing-Driven Synthesis                                                    ; Off                ; Off                ;
; Report Parameter Settings                                                  ; On                 ; On                 ;
; Report Source Assignments                                                  ; On                 ; On                 ;
; Report Connectivity Checks                                                 ; On                 ; On                 ;
; Ignore Maximum Fan-Out Assignments                                         ; Off                ; Off                ;
; Synchronization Register Chain Length                                      ; 2                  ; 2                  ;
; PowerPlay Power Optimization                                               ; Normal compilation ; Normal compilation ;
; HDL message level                                                          ; Level2             ; Level2             ;
; Suppress Register Optimization Related Messages                            ; Off                ; Off                ;
; Number of Removed Registers Reported in Synthesis Report                   ; 5000               ; 5000               ;
; Number of Swept Nodes Reported in Synthesis Report                         ; 5000               ; 5000               ;
; Number of Inverted Registers Reported in Synthesis Report                  ; 100                ; 100                ;
; Clock MUX Protection                                                       ; On                 ; On                 ;
; Auto Gated Clock Conversion                                                ; Off                ; Off                ;
; Block Design Naming                                                        ; Auto               ; Auto               ;
; SDC constraint protection                                                  ; Off                ; Off                ;
; Synthesis Effort                                                           ; Auto               ; Auto               ;
; Shift Register Replacement - Allow Asynchronous Clear Signal               ; On                 ; On                 ;
; Pre-Mapping Resynthesis Optimization                                       ; Off                ; Off                ;
; Analysis & Synthesis Message Level                                         ; Medium             ; Medium             ;
; Disable Register Merging Across Hierarchies                                ; Auto               ; Auto               ;
; Resource Aware Inference For Block RAM                                     ; On                 ; On                 ;
; Synthesis Seed                                                             ; 1                  ; 1                  ;
+----------------------------------------------------------------------------+--------------------+--------------------+


Parallel compilation was disabled, but you have multiple processors available. Enable parallel compilation to reduce compilation time.
+-------------------------------------+
; Parallel Compilation                ;
+----------------------------+--------+
; Processors                 ; Number ;
+----------------------------+--------+
; Number detected on machine ; 12     ;
; Maximum allowed            ; 1      ;
+----------------------------+--------+


+---------------------------------------------------------------------------------------------------------------------------------+
; Analysis & Synthesis Source Files Read                                                                                          ;
+----------------------------------+-----------------+------------------------+-----------------------------------------+---------+
; File Name with User-Entered Path ; Used in Netlist ; File Type              ; File Name with Absolute Path            ; Library ;
+----------------------------------+-----------------+------------------------+-----------------------------------------+---------+
; OP_moore.v                       ; yes             ; User Verilog HDL File  ; C:/Users/M.M/Desktop/ss/OP_moore.v      ;         ;
; OnePulse.v                       ; yes             ; User Verilog HDL File  ; C:/Users/M.M/Desktop/ss/OnePulse.v      ;         ;
; Moore_machine.v                  ; yes             ; User Verilog HDL File  ; C:/Users/M.M/Desktop/ss/Moore_machine.v ;         ;
; counter10.v                      ; yes             ; User Verilog HDL File  ; C:/Users/M.M/Desktop/ss/counter10.v     ;         ;
; SSD.v                            ; yes             ; User Verilog HDL File  ; C:/Users/M.M/Desktop/ss/SSD.v           ;         ;
+----------------------------------+-----------------+------------------------+-----------------------------------------+---------+


+--------------------------------------------------------------------------+
; Analysis & Synthesis Resource Usage Summary                              ;
+---------------------------------------------+----------------------------+
; Resource                                    ; Usage                      ;
+---------------------------------------------+----------------------------+
; Estimated Total logic elements              ; 26                         ;
;                                             ;                            ;
; Total combinational functions               ; 26                         ;
; Logic element usage by number of LUT inputs ;                            ;
;     -- 4 input functions                    ; 16                         ;
;     -- 3 input functions                    ; 8                          ;
;     -- <=2 input functions                  ; 2                          ;
;                                             ;                            ;
; Logic elements by mode                      ;                            ;
;     -- normal mode                          ; 26                         ;
;     -- arithmetic mode                      ; 0                          ;
;                                             ;                            ;
; Total registers                             ; 11                         ;
;     -- Dedicated logic registers            ; 11                         ;
;     -- I/O registers                        ; 0                          ;
;                                             ;                            ;
; I/O pins                                    ; 20                         ;
; Embedded Multiplier 9-bit elements          ; 0                          ;
; Maximum fan-out node                        ; counter10:counter|Count[0] ;
; Maximum fan-out                             ; 14                         ;
; Total fan-out                               ; 145                        ;
; Average fan-out                             ; 2.54                       ;
+---------------------------------------------+----------------------------+


+-----------------------------------------------------------------------------------------------------------------------------------------------------------------------------------------------------+
; Analysis & Synthesis Resource Utilization by Entity                                                                                                                                                 ;
+----------------------------------+-------------------+--------------+-------------+--------------+---------+-----------+------+--------------+---------------------------------------+--------------+
; Compilation Hierarchy Node       ; LC Combinationals ; LC Registers ; Memory Bits ; DSP Elements ; DSP 9x9 ; DSP 18x18 ; Pins ; Virtual Pins ; Full Hierarchy Name                   ; Library Name ;
+----------------------------------+-------------------+--------------+-------------+--------------+---------+-----------+------+--------------+---------------------------------------+--------------+
; |OP_moore                        ; 26 (0)            ; 11 (0)       ; 0           ; 0            ; 0       ; 0         ; 20   ; 0            ; |OP_moore                             ; work         ;
;    |Moore_machine:moore_machine| ; 8 (8)             ; 5 (5)        ; 0           ; 0            ; 0       ; 0         ; 0    ; 0            ; |OP_moore|Moore_machine:moore_machine ; work         ;
;    |OnePulse:one_pulse|          ; 2 (2)             ; 2 (2)        ; 0           ; 0            ; 0       ; 0         ; 0    ; 0            ; |OP_moore|OnePulse:one_pulse          ; work         ;
;    |SSD:ssd|                     ; 9 (9)             ; 0 (0)        ; 0           ; 0            ; 0       ; 0         ; 0    ; 0            ; |OP_moore|SSD:ssd                     ; work         ;
;    |counter10:counter|           ; 7 (7)             ; 4 (4)        ; 0           ; 0            ; 0       ; 0         ; 0    ; 0            ; |OP_moore|counter10:counter           ; work         ;
+----------------------------------+-------------------+--------------+-------------+--------------+---------+-----------+------+--------------+---------------------------------------+--------------+
Note: For table entries with two numbers listed, the numbers in parentheses indicate the number of resources of the given type used by the specific entity alone. The numbers listed outside of parentheses indicate the total resources of the given type used by the specific entity and all of its sub-entities in the hierarchy.


Encoding Type:  One-Hot
+----------------------------------------------------------+
; State Machine - |OP_moore|Moore_machine:moore_machine|ps ;
+------+------+------+------+------+-----------------------+
; Name ; ps.D ; ps.C ; ps.B ; ps.A ; ps.E                  ;
+------+------+------+------+------+-----------------------+
; ps.A ; 0    ; 0    ; 0    ; 0    ; 0                     ;
; ps.B ; 0    ; 0    ; 1    ; 1    ; 0                     ;
; ps.C ; 0    ; 1    ; 0    ; 1    ; 0                     ;
; ps.D ; 1    ; 0    ; 0    ; 1    ; 0                     ;
; ps.E ; 0    ; 0    ; 0    ; 1    ; 1                     ;
+------+------+------+------+------+-----------------------+


Encoding Type:  One-Hot
+-------------------------------------------------+
; State Machine - |OP_moore|OnePulse:one_pulse|ps ;
+------+------+------+----------------------------+
; Name ; ps.A ; ps.C ; ps.B                       ;
+------+------+------+----------------------------+
; ps.A ; 0    ; 0    ; 0                          ;
; ps.B ; 1    ; 0    ; 1                          ;
; ps.C ; 1    ; 1    ; 0                          ;
+------+------+------+----------------------------+


+------------------------------------------------------------+
; Registers Removed During Synthesis                         ;
+---------------------------------------+--------------------+
; Register name                         ; Reason for Removal ;
+---------------------------------------+--------------------+
; Moore_machine:moore_machine|ps~4      ; Lost fanout        ;
; Moore_machine:moore_machine|ps~5      ; Lost fanout        ;
; OnePulse:one_pulse|ps.C               ; Lost fanout        ;
; Total Number of Removed Registers = 3 ;                    ;
+---------------------------------------+--------------------+


+------------------------------------------------------+
; General Register Statistics                          ;
+----------------------------------------------+-------+
; Statistic                                    ; Value ;
+----------------------------------------------+-------+
; Total registers                              ; 11    ;
; Number of registers using Synchronous Clear  ; 0     ;
; Number of registers using Synchronous Load   ; 0     ;
; Number of registers using Asynchronous Clear ; 11    ;
; Number of registers using Asynchronous Load  ; 0     ;
; Number of registers using Clock Enable       ; 4     ;
; Number of registers using Preset             ; 0     ;
+----------------------------------------------+-------+


+----------------------------------------------------------------------------------------------------------------------------------------------------+
; Multiplexer Restructuring Statistics (Restructuring Performed)                                                                                     ;
+--------------------+-----------+---------------+----------------------+------------------------+------------+--------------------------------------+
; Multiplexer Inputs ; Bus Width ; Baseline Area ; Area if Restructured ; Saving if Restructured ; Registered ; Example Multiplexer Output           ;
+--------------------+-----------+---------------+----------------------+------------------------+------------+--------------------------------------+
; 3:1                ; 4 bits    ; 8 LEs         ; 4 LEs                ; 4 LEs                  ; Yes        ; |OP_moore|counter10:counter|Count[3] ;
+--------------------+-----------+---------------+----------------------+------------------------+------------+--------------------------------------+


+-----------------------------------------------------------------+
; Parameter Settings for User Entity Instance: OnePulse:one_pulse ;
+----------------+-------+----------------------------------------+
; Parameter Name ; Value ; Type                                   ;
+----------------+-------+----------------------------------------+
; A              ; 000   ; Unsigned Binary                        ;
; B              ; 001   ; Unsigned Binary                        ;
; C              ; 010   ; Unsigned Binary                        ;
+----------------+-------+----------------------------------------+
Note: In order to hide this table in the UI and the text report file, please set the "Show Parameter Settings in Synthesis Report" option in "Analysis and Synthesis Settings -> More Settings" to "Off".


+--------------------------------------------------------------------------+
; Parameter Settings for User Entity Instance: Moore_machine:moore_machine ;
+----------------+-------+-------------------------------------------------+
; Parameter Name ; Value ; Type                                            ;
+----------------+-------+-------------------------------------------------+
; A              ; 000   ; Unsigned Binary                                 ;
; B              ; 001   ; Unsigned Binary                                 ;
; C              ; 010   ; Unsigned Binary                                 ;
; D              ; 011   ; Unsigned Binary                                 ;
; E              ; 100   ; Unsigned Binary                                 ;
+----------------+-------+-------------------------------------------------+
Note: In order to hide this table in the UI and the text report file, please set the "Show Parameter Settings in Synthesis Report" option in "Analysis and Synthesis Settings -> More Settings" to "Off".


+-------------------------------+
; Elapsed Time Per Partition    ;
+----------------+--------------+
; Partition Name ; Elapsed Time ;
+----------------+--------------+
; Top            ; 00:00:00     ;
+----------------+--------------+


+-------------------------------+
; Analysis & Synthesis Messages ;
+-------------------------------+
Info: *******************************************************************
Info: Running Quartus II 64-Bit Analysis & Synthesis
    Info: Version 13.0.1 Build 232 06/12/2013 Service Pack 1 SJ Web Edition
    Info: Processing started: Tue Nov 29 17:48:13 2022
Info: Command: quartus_map --read_settings_files=on --write_settings_files=off OP_moore -c OP_moore
Warning (292000): FLEXlm software error: Future license file format or misspelling in license file.  The file was issued for a later version of FLEXnet Licensing than this  program understands. Feature:       quartus License text:  d70000000000" SN=15945574 SIGN2=0 License path:  C:\flexlm\LICENSE.TXT FLEXnet Licensing error:-90,313 For further information, refer to the FLEXnet Licensing End User Guide, available at "www.macrovision.com".
Warning (292000): FLEXlm software error: Future license file format or misspelling in license file.  The file was issued for a later version of FLEXnet Licensing than this  program understands. Feature:       quartus_talkback License text:  d70000000000" SN=15945574 SIGN2=0 License path:  C:\flexlm\LICENSE.TXT FLEXnet Licensing error:-90,313 For further information, refer to the FLEXnet Licensing End User Guide, available at "www.macrovision.com".
Warning (20028): Parallel compilation is not licensed and has been disabled
Info (12021): Found 1 design units, including 1 entities, in source file op_moore.v
    Info (12023): Found entity 1: OP_moore
Info (12021): Found 1 design units, including 1 entities, in source file onepulse.v
    Info (12023): Found entity 1: OnePulse
Info (12021): Found 1 design units, including 1 entities, in source file moore_machine.v
    Info (12023): Found entity 1: Moore_machine
Info (12021): Found 1 design units, including 1 entities, in source file counter10.v
    Info (12023): Found entity 1: counter10
Info (12021): Found 1 design units, including 1 entities, in source file ssd.v
    Info (12023): Found entity 1: SSD
Info (12127): Elaborating entity "OP_moore" for the top level hierarchy
Info (12128): Elaborating entity "OnePulse" for hierarchy "OnePulse:one_pulse"
Info (12128): Elaborating entity "Moore_machine" for hierarchy "Moore_machine:moore_machine"
Info (12128): Elaborating entity "counter10" for hierarchy "counter10:counter"
Warning (10230): Verilog HDL assignment warning at counter10.v(6): truncated value with size 32 to match size of target (4)
Info (12128): Elaborating entity "SSD" for hierarchy "SSD:ssd"
Warning (13024): Output pins are stuck at VCC or GND
    Warning (13410): Pin "Output_SSD[13]" is stuck at VCC
Info (17049): 3 registers lost all their fanouts during netlist optimizations.
Info (16010): Generating hard_block partition "hard_block:auto_generated_inst"
    Info (16011): Adding 0 node(s), including 0 DDIO, 0 PLL, 0 transceiver and 0 LCELL
Info (21057): Implemented 46 device resources after synthesis - the final resource count might be different
    Info (21058): Implemented 4 input pins
    Info (21059): Implemented 16 output pins
    Info (21061): Implemented 26 logic cells
Info: Quartus II 64-Bit Analysis & Synthesis was successful. 0 errors, 20 warnings
    Info: Peak virtual memory: 4595 megabytes
    Info: Processing ended: Tue Nov 29 17:48:15 2022
    Info: Elapsed time: 00:00:02
    Info: Total CPU time (on all processors): 00:00:02


